=== 1
現状: [money = 100, fruits = []]
所持金が半分になりました。
所持金は50円になりました。

=== 2
現状: [money = 50, fruits = []]
何も起こりませんでした。
所持金は50円になりました。

=== 3
現状: [money = 50, fruits = []]
所持金が増えました。
所持金は60円になりました。

=== 4
現状: [money = 60, fruits = []]
何も起こりませんでした。
所持金は60円になりました。

=== 5
現状: [money = 60, fruits = []]
所持金が半分になりました。
所持金は30円になりました。
    だいぶ減ったので、以前の状態に復帰しよう。

=== 6
現状: [money = 100, fruits = []]
所持金が増えました。
所持金は110円になりました。
    だいぶ増えたので、現在の状態を保存しておこう。

=== 7
現状: [money = 110, fruits = []]
所持金が半分になりました。
所持金は55円になりました。

=== 8
現状: [money = 55, fruits = []]
何も起こりませんでした。
所持金は55円になりました。

=== 9
現状: [money = 55, fruits = []]
何も起こりませんでした。
所持金は55円になりました。

=== 10
現状: [money = 55, fruits = []]
所持金が増えました。
所持金は65円になりました。

=== 11
現状: [money = 65, fruits = []]
所持金が増えました。
所持金は75円になりました。

=== 12
現状: [money = 75, fruits = []]
所持金が増えました。
所持金は85円になりました。

=== 13
現状: [money = 85, fruits = []]
フルーツ(おいしいリンゴ)をもらいました
所持金は85円になりました。

=== 14
現状: [money = 85, fruits = ["おいしいリンゴ"]]
所持金が半分になりました。
所持金は42円になりました。
    だいぶ減ったので、以前の状態に復帰しよう。

=== 15
現状: [money = 110, fruits = []]
所持金が半分になりました。
所持金は55円になりました。

=== 16
現状: [money = 55, fruits = []]
所持金が半分になりました。
所持金は27円になりました。
    だいぶ減ったので、以前の状態に復帰しよう。

=== 17
現状: [money = 110, fruits = []]
所持金が増えました。
所持金は120円になりました。
    だいぶ増えたので、現在の状態を保存しておこう。

=== 18
現状: [money = 120, fruits = []]
何も起こりませんでした。
所持金は120円になりました。

=== 19
現状: [money = 120, fruits = []]
何も起こりませんでした。
所持金は120円になりました。

=== 20
現状: [money = 120, fruits = []]
何も起こりませんでした。
所持金は120円になりました。

=== 21
現状: [money = 120, fruits = []]
何も起こりませんでした。
所持金は120円になりました。

=== 22
現状: [money = 120, fruits = []]
何も起こりませんでした。
所持金は120円になりました。

=== 23
現状: [money = 120, fruits = []]
フルーツ(おいしいみかん)をもらいました
所持金は120円になりました。

=== 24
現状: [money = 120, fruits = ["おいしいみかん"]]
何も起こりませんでした。
所持金は120円になりました。

=== 25
現状: [money = 120, fruits = ["おいしいみかん"]]
所持金が増えました。
所持金は130円になりました。
    だいぶ増えたので、現在の状態を保存しておこう。

=== 26
現状: [money = 130, fruits = ["おいしいみかん"]]
所持金が増えました。
所持金は140円になりました。
    だいぶ増えたので、現在の状態を保存しておこう。

=== 27
現状: [money = 140, fruits = ["おいしいみかん"]]
何も起こりませんでした。
所持金は140円になりました。

=== 28
現状: [money = 140, fruits = ["おいしいみかん"]]
フルーツ(リンゴ)をもらいました
所持金は140円になりました。

=== 29
現状: [money = 140, fruits = ["おいしいみかん", "リンゴ"]]
何も起こりませんでした。
所持金は140円になりました。

=== 30
現状: [money = 140, fruits = ["おいしいみかん", "リンゴ"]]
何も起こりませんでした。
所持金は140円になりました。

=== 31
現状: [money = 140, fruits = ["おいしいみかん", "リンゴ"]]
何も起こりませんでした。
所持金は140円になりました。

=== 32
現状: [money = 140, fruits = ["おいしいみかん", "リンゴ"]]
何も起こりませんでした。
所持金は140円になりました。

=== 33
現状: [money = 140, fruits = ["おいしいみかん", "リンゴ"]]
何も起こりませんでした。
所持金は140円になりました。

=== 34
現状: [money = 140, fruits = ["おいしいみかん", "リンゴ"]]
何も起こりませんでした。
所持金は140円になりました。

=== 35
現状: [money = 140, fruits = ["おいしいみかん", "リンゴ"]]
何も起こりませんでした。
所持金は140円になりました。

=== 36
現状: [money = 140, fruits = ["おいしいみかん", "リンゴ"]]
何も起こりませんでした。
所持金は140円になりました。

=== 37
現状: [money = 140, fruits = ["おいしいみかん", "リンゴ"]]
所持金が半分になりました。
所持金は70円になりました。

=== 38
現状: [money = 70, fruits = ["おいしいみかん", "リンゴ"]]
何も起こりませんでした。
所持金は70円になりました。

=== 39
現状: [money = 70, fruits = ["おいしいみかん", "リンゴ"]]
何も起こりませんでした。
所持金は70円になりました。

=== 40
現状: [money = 70, fruits = ["おいしいみかん", "リンゴ"]]
何も起こりませんでした。
所持金は70円になりました。

=== 41
現状: [money = 70, fruits = ["おいしいみかん", "リンゴ"]]
何も起こりませんでした。
所持金は70円になりました。

=== 42
現状: [money = 70, fruits = ["おいしいみかん", "リンゴ"]]
所持金が増えました。
所持金は80円になりました。

=== 43
現状: [money = 80, fruits = ["おいしいみかん", "リンゴ"]]
何も起こりませんでした。
所持金は80円になりました。

=== 44
現状: [money = 80, fruits = ["おいしいみかん", "リンゴ"]]
フルーツ(みかん)をもらいました
所持金は80円になりました。

=== 45
現状: [money = 80, fruits = ["おいしいみかん", "リンゴ", "みかん"]]
何も起こりませんでした。
所持金は80円になりました。

=== 46
現状: [money = 80, fruits = ["おいしいみかん", "リンゴ", "みかん"]]
何も起こりませんでした。
所持金は80円になりました。

=== 47
現状: [money = 80, fruits = ["おいしいみかん", "リンゴ", "みかん"]]
何も起こりませんでした。
所持金は80円になりました。

=== 48
現状: [money = 80, fruits = ["おいしいみかん", "リンゴ", "みかん"]]
何も起こりませんでした。
所持金は80円になりました。

=== 49
現状: [money = 80, fruits = ["おいしいみかん", "リンゴ", "みかん"]]
所持金が増えました。
所持金は90円になりました。

=== 50
現状: [money = 90, fruits = ["おいしいみかん", "リンゴ", "みかん"]]
フルーツ(ぶどう)をもらいました
所持金は90円になりました。

=== 51
現状: [money = 90, fruits = ["おいしいみかん", "リンゴ", "みかん", "ぶどう"]]
何も起こりませんでした。
所持金は90円になりました。

=== 52
現状: [money = 90, fruits = ["おいしいみかん", "リンゴ", "みかん", "ぶどう"]]
フルーツ(おいしいリンゴ)をもらいました
所持金は90円になりました。

=== 53
現状: [money = 90, fruits = ["おいしいみかん", "リンゴ", "みかん", "ぶどう", "おいしいリンゴ"]]
何も起こりませんでした。
所持金は90円になりました。

=== 54
現状: [money = 90, fruits = ["おいしいみかん", "リンゴ", "みかん", "ぶどう", "おいしいリンゴ"]]
フルーツ(おいしいリンゴ)をもらいました
所持金は90円になりました。

=== 55
現状: [money = 90, fruits = ["おいしいみかん", "リンゴ", "みかん", "ぶどう", "おいしいリンゴ", "おいしいリンゴ"]]
何も起こりませんでした。
所持金は90円になりました。

=== 56
現状: [money = 90, fruits = ["おいしいみかん", "リンゴ", "みかん", "ぶどう", "おいしいリンゴ", "おいしいリンゴ"]]
何も起こりませんでした。
所持金は90円になりました。

=== 57
現状: [money = 90, fruits = ["おいしいみかん", "リンゴ", "みかん", "ぶどう", "おいしいリンゴ", "おいしいリンゴ"]]
所持金が増えました。
所持金は100円になりました。

=== 58
現状: [money = 100, fruits = ["おいしいみかん", "リンゴ", "みかん", "ぶどう", "おいしいリンゴ", "おいしいリンゴ"]]
何も起こりませんでした。
所持金は100円になりました。

=== 59
現状: [money = 100, fruits = ["おいしいみかん", "リンゴ", "みかん", "ぶどう", "おいしいリンゴ", "おいしいリンゴ"]]
何も起こりませんでした。
所持金は100円になりました。

=== 60
現状: [money = 100, fruits = ["おいしいみかん", "リンゴ", "みかん", "ぶどう", "おいしいリンゴ", "おいしいリンゴ"]]
何も起こりませんでした。
所持金は100円になりました。

=== 61
現状: [money = 100, fruits = ["おいしいみかん", "リンゴ", "みかん", "ぶどう", "おいしいリンゴ", "おいしいリンゴ"]]
フルーツ(おいしいぶどう)をもらいました
所持金は100円になりました。

=== 62
現状: [money = 100, fruits = ["おいしいみかん", "リンゴ", "みかん", "ぶどう", "おいしいリンゴ", "おいしいリンゴ", "おいしいぶどう"]]
フルーツ(リンゴ)をもらいました
所持金は100円になりました。

=== 63
現状: [money = 100, fruits = ["おいしいみかん", "リンゴ", "みかん", "ぶどう", "おいしいリンゴ", "おいしいリンゴ", "おいしいぶどう", "リンゴ"]]
所持金が半分になりました。
所持金は50円になりました。
    だいぶ減ったので、以前の状態に復帰しよう。

=== 64
現状: [money = 140, fruits = ["おいしいみかん"]]
何も起こりませんでした。
所持金は140円になりました。

=== 65
現状: [money = 140, fruits = ["おいしいみかん"]]
何も起こりませんでした。
所持金は140円になりました。

=== 66
現状: [money = 140, fruits = ["おいしいみかん"]]
何も起こりませんでした。
所持金は140円になりました。

=== 67
現状: [money = 140, fruits = ["おいしいみかん"]]
所持金が増えました。
所持金は150円になりました。
    だいぶ増えたので、現在の状態を保存しておこう。

=== 68
現状: [money = 150, fruits = ["おいしいみかん"]]
何も起こりませんでした。
所持金は150円になりました。

=== 69
現状: [money = 150, fruits = ["おいしいみかん"]]
フルーツ(ぶどう)をもらいました
所持金は150円になりました。

=== 70
現状: [money = 150, fruits = ["おいしいみかん", "ぶどう"]]
何も起こりませんでした。
所持金は150円になりました。

=== 71
現状: [money = 150, fruits = ["おいしいみかん", "ぶどう"]]
フルーツ(リンゴ)をもらいました
所持金は150円になりました。

=== 72
現状: [money = 150, fruits = ["おいしいみかん", "ぶどう", "リンゴ"]]
所持金が増えました。
所持金は160円になりました。
    だいぶ増えたので、現在の状態を保存しておこう。

=== 73
現状: [money = 160, fruits = ["おいしいみかん", "ぶどう", "リンゴ"]]
所持金が増えました。
所持金は170円になりました。
    だいぶ増えたので、現在の状態を保存しておこう。

=== 74
現状: [money = 170, fruits = ["おいしいみかん", "ぶどう", "リンゴ"]]
所持金が増えました。
所持金は180円になりました。
    だいぶ増えたので、現在の状態を保存しておこう。

=== 75
現状: [money = 180, fruits = ["おいしいみかん", "ぶどう", "リンゴ"]]
所持金が増えました。
所持金は190円になりました。
    だいぶ増えたので、現在の状態を保存しておこう。

=== 76
現状: [money = 190, fruits = ["おいしいみかん", "ぶどう", "リンゴ"]]
何も起こりませんでした。
所持金は190円になりました。

=== 77
現状: [money = 190, fruits = ["おいしいみかん", "ぶどう", "リンゴ"]]
フルーツ(おいしいぶどう)をもらいました
所持金は190円になりました。

=== 78
現状: [money = 190, fruits = ["おいしいみかん", "ぶどう", "リンゴ", "おいしいぶどう"]]
フルーツ(みかん)をもらいました
所持金は190円になりました。

=== 79
現状: [money = 190, fruits = ["おいしいみかん", "ぶどう", "リンゴ", "おいしいぶどう", "みかん"]]
所持金が増えました。
所持金は200円になりました。
    だいぶ増えたので、現在の状態を保存しておこう。

=== 80
現状: [money = 200, fruits = ["おいしいみかん", "ぶどう", "リンゴ", "おいしいぶどう", "みかん"]]
所持金が増えました。
所持金は210円になりました。
    だいぶ増えたので、現在の状態を保存しておこう。

=== 81
現状: [money = 210, fruits = ["おいしいみかん", "ぶどう", "リンゴ", "おいしいぶどう", "みかん"]]
フルーツ(バナナ)をもらいました
所持金は210円になりました。

=== 82
現状: [money = 210, fruits = ["おいしいみかん", "ぶどう", "リンゴ", "おいしいぶどう", "みかん", "バナナ"]]
フルーツ(ぶどう)をもらいました
所持金は210円になりました。

=== 83
現状: [money = 210, fruits = ["おいしいみかん", "ぶどう", "リンゴ", "おいしいぶどう", "みかん", "バナナ", "ぶどう"]]
所持金が半分になりました。
所持金は105円になりました。

=== 84
現状: [money = 105, fruits = ["おいしいみかん", "ぶどう", "リンゴ", "おいしいぶどう", "みかん", "バナナ", "ぶどう"]]
何も起こりませんでした。
所持金は105円になりました。

=== 85
現状: [money = 105, fruits = ["おいしいみかん", "ぶどう", "リンゴ", "おいしいぶどう", "みかん", "バナナ", "ぶどう"]]
何も起こりませんでした。
所持金は105円になりました。

=== 86
現状: [money = 105, fruits = ["おいしいみかん", "ぶどう", "リンゴ", "おいしいぶどう", "みかん", "バナナ", "ぶどう"]]
所持金が増えました。
所持金は115円になりました。

=== 87
現状: [money = 115, fruits = ["おいしいみかん", "ぶどう", "リンゴ", "おいしいぶどう", "みかん", "バナナ", "ぶどう"]]
所持金が半分になりました。
所持金は57円になりました。
    だいぶ減ったので、以前の状態に復帰しよう。

=== 88
現状: [money = 210, fruits = ["おいしいみかん", "おいしいぶどう"]]
何も起こりませんでした。
所持金は210円になりました。

=== 89
現状: [money = 210, fruits = ["おいしいみかん", "おいしいぶどう"]]
所持金が増えました。
所持金は220円になりました。
    だいぶ増えたので、現在の状態を保存しておこう。

=== 90
現状: [money = 220, fruits = ["おいしいみかん", "おいしいぶどう"]]
所持金が増えました。
所持金は230円になりました。
    だいぶ増えたので、現在の状態を保存しておこう。

=== 91
現状: [money = 230, fruits = ["おいしいみかん", "おいしいぶどう"]]
何も起こりませんでした。
所持金は230円になりました。

=== 92
現状: [money = 230, fruits = ["おいしいみかん", "おいしいぶどう"]]
何も起こりませんでした。
所持金は230円になりました。

=== 93
現状: [money = 230, fruits = ["おいしいみかん", "おいしいぶどう"]]
フルーツ(バナナ)をもらいました
所持金は230円になりました。

=== 94
現状: [money = 230, fruits = ["おいしいみかん", "おいしいぶどう", "バナナ"]]
何も起こりませんでした。
所持金は230円になりました。

=== 95
現状: [money = 230, fruits = ["おいしいみかん", "おいしいぶどう", "バナナ"]]
何も起こりませんでした。
所持金は230円になりました。

=== 96
現状: [money = 230, fruits = ["おいしいみかん", "おいしいぶどう", "バナナ"]]
フルーツ(おいしいみかん)をもらいました
所持金は230円になりました。

=== 97
現状: [money = 230, fruits = ["おいしいみかん", "おいしいぶどう", "バナナ", "おいしいみかん"]]
何も起こりませんでした。
所持金は230円になりました。

=== 98
現状: [money = 230, fruits = ["おいしいみかん", "おいしいぶどう", "バナナ", "おいしいみかん"]]
何も起こりませんでした。
所持金は230円になりました。

=== 99
現状: [money = 230, fruits = ["おいしいみかん", "おいしいぶどう", "バナナ", "おいしいみかん"]]
何も起こりませんでした。
所持金は230円になりました。

=== 100
現状: [money = 230, fruits = ["おいしいみかん", "おいしいぶどう", "バナナ", "おいしいみかん"]]
フルーツ(ぶどう)をもらいました
所持金は230円になりました。
